Started GET "/" for 127.0.0.1 at 2017-02-08 15:10:28 -0200
Processing by Rails::WelcomeController#index as HTML
  Parameters: {"internal"=>true}
  Rendering C:/Ruby23-x64/lib/ruby/gems/2.3.0/gems/railties-5.0.1/lib/rails/templates/rails/welcome/index.html.erb
  Rendered C:/Ruby23-x64/lib/ruby/gems/2.3.0/gems/railties-5.0.1/lib/rails/templates/rails/welcome/index.html.erb (6.0ms)
Completed 200 OK in 75ms (Views: 39.3ms | ActiveRecord: 0.0ms)


Started GET "/" for 127.0.0.1 at 2017-02-08 15:47:55 -0200
Processing by WelcomeController#index as HTML
  Rendering welcome/index.html.erb within layouts/application
  Rendered welcome/index.html.erb within layouts/application (2.0ms)
Completed 200 OK in 1690ms (Views: 1668.6ms | ActiveRecord: 0.0ms)


Started GET "/" for 127.0.0.1 at 2017-02-08 15:48:07 -0200
Processing by WelcomeController#index as HTML
  Rendering welcome/index.html.erb within layouts/application
  Rendered welcome/index.html.erb within layouts/application (1.0ms)
Completed 200 OK in 81ms (Views: 70.7ms | ActiveRecord: 0.0ms)


Started GET "/articles/new" for 127.0.0.1 at 2017-02-08 15:56:34 -0200
Processing by ArticlesController#new as HTML
  Rendering articles/new.html.erb within layouts/application
  Rendered articles/new.html.erb within layouts/application (2.0ms)
Completed 200 OK in 570ms (Views: 547.7ms | ActiveRecord: 0.0ms)


Started GET "/articles/new" for 127.0.0.1 at 2017-02-08 15:59:49 -0200
Processing by ArticlesController#new as HTML
  Rendering articles/new.html.erb within layouts/application
  Rendered articles/new.html.erb within layouts/application (43.0ms)
Completed 200 OK in 123ms (Views: 110.9ms | ActiveRecord: 0.0ms)


Started POST "/articles/new" for 127.0.0.1 at 2017-02-08 15:59:52 -0200
  
ActionController::RoutingError (No route matches [POST] "/articles/new"):
  
actionpack (5.0.1) lib/action_dispatch/middleware/debug_exceptions.rb:53:in `call'
web-console (3.4.0) lib/web_console/middleware.rb:135:in `call_app'
web-console (3.4.0) lib/web_console/middleware.rb:28:in `block in call'
web-console (3.4.0) lib/web_console/middleware.rb:18:in `catch'
web-console (3.4.0) lib/web_console/middleware.rb:18:in `call'
actionpack (5.0.1) lib/action_dispatch/middleware/show_exceptions.rb:31:in `call'
railties (5.0.1) lib/rails/rack/logger.rb:36:in `call_app'
railties (5.0.1) lib/rails/rack/logger.rb:24:in `block in call'
activesupport (5.0.1) lib/active_support/tagged_logging.rb:69:in `block in tagged'
activesupport (5.0.1) lib/active_support/tagged_logging.rb:26:in `tagged'
activesupport (5.0.1) lib/active_support/tagged_logging.rb:69:in `tagged'
railties (5.0.1) lib/rails/rack/logger.rb:24:in `call'
sprockets-rails (3.2.0) lib/sprockets/rails/quiet_assets.rb:13:in `call'
actionpack (5.0.1) lib/action_dispatch/middleware/request_id.rb:24:in `call'
rack (2.0.1) lib/rack/method_override.rb:22:in `call'
rack (2.0.1) lib/rack/runtime.rb:22:in `call'
activesupport (5.0.1) lib/active_support/cache/strategy/local_cache_middleware.rb:28:in `call'
actionpack (5.0.1) lib/action_dispatch/middleware/executor.rb:12:in `call'
actionpack (5.0.1) lib/action_dispatch/middleware/static.rb:136:in `call'
rack (2.0.1) lib/rack/sendfile.rb:111:in `call'
railties (5.0.1) lib/rails/engine.rb:522:in `call'
puma (3.7.0) lib/puma/configuration.rb:226:in `call'
puma (3.7.0) lib/puma/server.rb:578:in `handle_request'
puma (3.7.0) lib/puma/server.rb:415:in `process_client'
puma (3.7.0) lib/puma/server.rb:275:in `block in run'
puma (3.7.0) lib/puma/thread_pool.rb:120:in `block in spawn_thread'
  Rendering C:/Ruby23-x64/lib/ruby/gems/2.3.0/gems/actionpack-5.0.1/lib/action_dispatch/middleware/templates/rescues/routing_error.html.erb within rescues/layout
  Rendering C:/Ruby23-x64/lib/ruby/gems/2.3.0/gems/actionpack-5.0.1/lib/action_dispatch/middleware/templates/rescues/_trace.html.erb
  Rendered C:/Ruby23-x64/lib/ruby/gems/2.3.0/gems/actionpack-5.0.1/lib/action_dispatch/middleware/templates/rescues/_trace.html.erb (1.0ms)
  Rendered collection of C:/Ruby23-x64/lib/ruby/gems/2.3.0/gems/actionpack-5.0.1/lib/action_dispatch/middleware/templates/routes/_route.html.erb [9 times] (3.0ms)
  Rendered C:/Ruby23-x64/lib/ruby/gems/2.3.0/gems/actionpack-5.0.1/lib/action_dispatch/middleware/templates/routes/_table.html.erb (4.0ms)
  Rendering C:/Ruby23-x64/lib/ruby/gems/2.3.0/gems/actionpack-5.0.1/lib/action_dispatch/middleware/templates/rescues/_request_and_response.html.erb
  Rendered C:/Ruby23-x64/lib/ruby/gems/2.3.0/gems/actionpack-5.0.1/lib/action_dispatch/middleware/templates/rescues/_request_and_response.html.erb (2.0ms)
  Rendered C:/Ruby23-x64/lib/ruby/gems/2.3.0/gems/actionpack-5.0.1/lib/action_dispatch/middleware/templates/rescues/routing_error.html.erb within rescues/layout (798.1ms)
Started GET "/articles/new" for 127.0.0.1 at 2017-02-08 16:00:52 -0200
Processing by ArticlesController#new as HTML
  Rendering articles/new.html.erb within layouts/application
  Rendered articles/new.html.erb within layouts/application (2.0ms)
Completed 200 OK in 104ms (Views: 92.5ms | ActiveRecord: 0.0ms)


Started GET "/articles/new" for 127.0.0.1 at 2017-02-08 16:04:57 -0200
Processing by ArticlesController#new as HTML
  Rendering articles/new.html.erb within layouts/application
  Rendered articles/new.html.erb within layouts/application (2.0ms)
Completed 200 OK in 76ms (Views: 64.1ms | ActiveRecord: 0.0ms)


Started POST "/articles" for 127.0.0.1 at 2017-02-08 16:05:05 -0200
  
AbstractController::ActionNotFound (The action 'create' could not be found for ArticlesController):
  
actionpack (5.0.1) lib/abstract_controller/base.rb:121:in `process'
actionview (5.0.1) lib/action_view/rendering.rb:30:in `process'
actionpack (5.0.1) lib/action_controller/metal.rb:190:in `dispatch'
actionpack (5.0.1) lib/action_controller/metal.rb:262:in `dispatch'
actionpack (5.0.1) lib/action_dispatch/routing/route_set.rb:50:in `dispatch'
actionpack (5.0.1) lib/action_dispatch/routing/route_set.rb:32:in `serve'
actionpack (5.0.1) lib/action_dispatch/journey/router.rb:39:in `block in serve'
actionpack (5.0.1) lib/action_dispatch/journey/router.rb:26:in `each'
actionpack (5.0.1) lib/action_dispatch/journey/router.rb:26:in `serve'
actionpack (5.0.1) lib/action_dispatch/routing/route_set.rb:725:in `call'
rack (2.0.1) lib/rack/etag.rb:25:in `call'
rack (2.0.1) lib/rack/conditional_get.rb:38:in `call'
rack (2.0.1) lib/rack/head.rb:12:in `call'
rack (2.0.1) lib/rack/session/abstract/id.rb:222:in `context'
rack (2.0.1) lib/rack/session/abstract/id.rb:216:in `call'
actionpack (5.0.1) lib/action_dispatch/middleware/cookies.rb:613:in `call'
activerecord (5.0.1) lib/active_record/migration.rb:553:in `call'
actionpack (5.0.1) lib/action_dispatch/middleware/callbacks.rb:38:in `block in call'
activesupport (5.0.1) lib/active_support/callbacks.rb:97:in `__run_callbacks__'
activesupport (5.0.1) lib/active_support/callbacks.rb:750:in `_run_call_callbacks'
activesupport (5.0.1) lib/active_support/callbacks.rb:90:in `run_callbacks'
actionpack (5.0.1) lib/action_dispatch/middleware/callbacks.rb:36:in `call'
actionpack (5.0.1) lib/action_dispatch/middleware/executor.rb:12:in `call'
actionpack (5.0.1) lib/action_dispatch/middleware/remote_ip.rb:79:in `call'
actionpack (5.0.1) lib/action_dispatch/middleware/debug_exceptions.rb:49:in `call'
web-console (3.4.0) lib/web_console/middleware.rb:135:in `call_app'
web-console (3.4.0) lib/web_console/middleware.rb:28:in `block in call'
web-console (3.4.0) lib/web_console/middleware.rb:18:in `catch'
web-console (3.4.0) lib/web_console/middleware.rb:18:in `call'
actionpack (5.0.1) lib/action_dispatch/middleware/show_exceptions.rb:31:in `call'
railties (5.0.1) lib/rails/rack/logger.rb:36:in `call_app'
railties (5.0.1) lib/rails/rack/logger.rb:24:in `block in call'
activesupport (5.0.1) lib/active_support/tagged_logging.rb:69:in `block in tagged'
activesupport (5.0.1) lib/active_support/tagged_logging.rb:26:in `tagged'
activesupport (5.0.1) lib/active_support/tagged_logging.rb:69:in `tagged'
railties (5.0.1) lib/rails/rack/logger.rb:24:in `call'
sprockets-rails (3.2.0) lib/sprockets/rails/quiet_assets.rb:13:in `call'
actionpack (5.0.1) lib/action_dispatch/middleware/request_id.rb:24:in `call'
rack (2.0.1) lib/rack/method_override.rb:22:in `call'
rack (2.0.1) lib/rack/runtime.rb:22:in `call'
activesupport (5.0.1) lib/active_support/cache/strategy/local_cache_middleware.rb:28:in `call'
actionpack (5.0.1) lib/action_dispatch/middleware/executor.rb:12:in `call'
actionpack (5.0.1) lib/action_dispatch/middleware/static.rb:136:in `call'
rack (2.0.1) lib/rack/sendfile.rb:111:in `call'
railties (5.0.1) lib/rails/engine.rb:522:in `call'
puma (3.7.0) lib/puma/configuration.rb:226:in `call'
puma (3.7.0) lib/puma/server.rb:578:in `handle_request'
puma (3.7.0) lib/puma/server.rb:415:in `process_client'
puma (3.7.0) lib/puma/server.rb:275:in `block in run'
puma (3.7.0) lib/puma/thread_pool.rb:120:in `block in spawn_thread'
  Rendering C:/Ruby23-x64/lib/ruby/gems/2.3.0/gems/actionpack-5.0.1/lib/action_dispatch/middleware/templates/rescues/unknown_action.html.erb within rescues/layout
  Rendered C:/Ruby23-x64/lib/ruby/gems/2.3.0/gems/actionpack-5.0.1/lib/action_dispatch/middleware/templates/rescues/unknown_action.html.erb within rescues/layout (1.0ms)
Started GET "/articles/new" for 127.0.0.1 at 2017-02-08 16:07:10 -0200
Processing by ArticlesController#new as HTML
  Rendering articles/new.html.erb within layouts/application
  Rendered articles/new.html.erb within layouts/application (1.0ms)
Completed 200 OK in 79ms (Views: 68.8ms | ActiveRecord: 0.0ms)


Started POST "/articles" for 127.0.0.1 at 2017-02-08 16:07:22 -0200
Processing by ArticlesController#create as HTML
  Parameters: {"utf8"=>"✓", "authenticity_token"=>"at3Bjc9FVwXM3EZ5dy2q6TIaOJxf+clrVVOZxw1wmnNJ597EI3od20qTHOWxGDBnYjyvX7IUtcGagB+axJ5BpQ==", "article"=>{"title"=>"SHIROMA", "text"=>"André Shiroma"}, "commit"=>"Save Article"}
  Rendering text template
  Rendered text template (0.0ms)
Completed 200 OK in 6ms (Views: 5.8ms | ActiveRecord: 0.0ms)


  [1m[35m (15.6ms)[0m  [1m[35mCREATE TABLE "schema_migrations" ("version" varchar NOT NULL PRIMARY KEY)[0m
  [1m[35m (15.6ms)[0m  [1m[35mCREATE TABLE "ar_internal_metadata" ("key" varchar NOT NULL PRIMARY KEY, "value" varchar, "created_at" datetime NOT NULL, "updated_at" datetime NOT NULL)[0m
  [1m[36mActiveRecord::SchemaMigration Load (0.0ms)[0m  [1m[34mSELECT "schema_migrations".* FROM "schema_migrations"[0m
Migrating to CreateArticles (20170208180813)
  [1m[35m (0.0ms)[0m  [1m[36mbegin transaction[0m
  [1m[35m (0.0ms)[0m  [1m[35mCREATE TABLE "articles" ("id" INTEGER PRIMARY KEY AUTOINCREMENT NOT NULL, "title" varchar, "text" text, "created_at" datetime NOT NULL, "updated_at" datetime NOT NULL)[0m
  [1m[35mSQL (0.0ms)[0m  [1m[32mINSERT INTO "schema_migrations" ("version") VALUES (?)[0m  [["version", "20170208180813"]]
  [1m[35m (15.6ms)[0m  [1m[36mcommit transaction[0m
  [1m[36mActiveRecord::InternalMetadata Load (0.0ms)[0m  [1m[34mSELECT  "ar_internal_metadata".* FROM "ar_internal_metadata" WHERE "ar_internal_metadata"."key" = ? LIMIT ?[0m  [["key", :environment], ["LIMIT", 1]]
  [1m[35m (0.0ms)[0m  [1m[36mbegin transaction[0m
  [1m[35mSQL (0.0ms)[0m  [1m[32mINSERT INTO "ar_internal_metadata" ("key", "value", "created_at", "updated_at") VALUES (?, ?, ?, ?)[0m  [["key", "environment"], ["value", "development"], ["created_at", 2017-02-08 18:10:34 UTC], ["updated_at", 2017-02-08 18:10:34 UTC]]
  [1m[35m (15.6ms)[0m  [1m[36mcommit transaction[0m
  [1m[36mActiveRecord::SchemaMigration Load (0.0ms)[0m  [1m[34mSELECT "schema_migrations".* FROM "schema_migrations"[0m
Started GET "/articles/new" for 127.0.0.1 at 2017-02-08 16:12:38 -0200
  [1m[36mActiveRecord::SchemaMigration Load (0.0ms)[0m  [1m[34mSELECT "schema_migrations".* FROM "schema_migrations"[0m
Processing by ArticlesController#new as HTML
  Rendering articles/new.html.erb within layouts/application
  Rendered articles/new.html.erb within layouts/application (23.0ms)
Completed 200 OK in 411ms (Views: 391.6ms | ActiveRecord: 0.0ms)


Started POST "/articles" for 127.0.0.1 at 2017-02-08 16:12:57 -0200
Processing by ArticlesController#create as HTML
  Parameters: {"utf8"=>"✓", "authenticity_token"=>"aVzYQv/XHhTcd3cX2zBIfwk4wllpy16MV2qXdlDW11tKZscLE+hUylo4LYsdBdLxWR5VmoQmIiaYuRErmTgMjQ==", "article"=>{"title"=>"André Shiroma", "text"=>"O Japa"}, "commit"=>"Save Article"}
Completed 500 Internal Server Error in 9ms (ActiveRecord: 1.0ms)


  
ActiveModel::ForbiddenAttributesError (ActiveModel::ForbiddenAttributesError):
  
app/controllers/articles_controller.rb:6:in `create'
  Rendering C:/Ruby23-x64/lib/ruby/gems/2.3.0/gems/actionpack-5.0.1/lib/action_dispatch/middleware/templates/rescues/diagnostics.html.erb within rescues/layout
  Rendering C:/Ruby23-x64/lib/ruby/gems/2.3.0/gems/actionpack-5.0.1/lib/action_dispatch/middleware/templates/rescues/_source.html.erb
  Rendered C:/Ruby23-x64/lib/ruby/gems/2.3.0/gems/actionpack-5.0.1/lib/action_dispatch/middleware/templates/rescues/_source.html.erb (3.0ms)
  Rendering C:/Ruby23-x64/lib/ruby/gems/2.3.0/gems/actionpack-5.0.1/lib/action_dispatch/middleware/templates/rescues/_trace.html.erb
  Rendered C:/Ruby23-x64/lib/ruby/gems/2.3.0/gems/actionpack-5.0.1/lib/action_dispatch/middleware/templates/rescues/_trace.html.erb (1.0ms)
  Rendering C:/Ruby23-x64/lib/ruby/gems/2.3.0/gems/actionpack-5.0.1/lib/action_dispatch/middleware/templates/rescues/_request_and_response.html.erb
  Rendered C:/Ruby23-x64/lib/ruby/gems/2.3.0/gems/actionpack-5.0.1/lib/action_dispatch/middleware/templates/rescues/_request_and_response.html.erb (1.0ms)
  Rendered C:/Ruby23-x64/lib/ruby/gems/2.3.0/gems/actionpack-5.0.1/lib/action_dispatch/middleware/templates/rescues/diagnostics.html.erb within rescues/layout (589.6ms)
Started GET "/articles/new" for 127.0.0.1 at 2017-02-08 16:17:48 -0200
Processing by ArticlesController#new as HTML
  Rendering articles/new.html.erb within layouts/application
  Rendered articles/new.html.erb within layouts/application (2.0ms)
Completed 200 OK in 73ms (Views: 62.7ms | ActiveRecord: 0.0ms)


Started POST "/articles" for 127.0.0.1 at 2017-02-08 16:18:08 -0200
Processing by ArticlesController#create as HTML
  Parameters: {"utf8"=>"✓", "authenticity_token"=>"Vt8J6x2FRRN0dVzAvTp228n8DKf7nsLVNrDLEeHa8wx15Rai8boPzfI6Blx7D+xVmdqbZBZzvn/5Y01MKDQo2g==", "article"=>{"title"=>"Shiroma", "text"=>"André Shiroma"}, "commit"=>"Save Article"}
  [1m[35m (0.0ms)[0m  [1m[36mbegin transaction[0m
  [1m[35mSQL (1.0ms)[0m  [1m[32mINSERT INTO "articles" ("title", "text", "created_at", "updated_at") VALUES (?, ?, ?, ?)[0m  [["title", "Shiroma"], ["text", "André Shiroma"], ["created_at", 2017-02-08 18:18:08 UTC], ["updated_at", 2017-02-08 18:18:08 UTC]]
  [1m[35m (10.0ms)[0m  [1m[36mcommit transaction[0m
Redirected to http://localhost:3000/articles/1
Completed 302 Found in 29ms (ActiveRecord: 11.0ms)


Started GET "/articles/1" for 127.0.0.1 at 2017-02-08 16:18:08 -0200
Processing by ArticlesController#show as HTML
  Parameters: {"id"=>"1"}
  [1m[36mArticle Load (0.0ms)[0m  [1m[34mSELECT  "articles".* FROM "articles" WHERE "articles"."id" = ? LIMIT ?[0m  [["id", 1], ["LIMIT", 1]]
  Rendering articles/show.html.erb within layouts/application
  Rendered articles/show.html.erb within layouts/application (0.0ms)
Completed 200 OK in 84ms (Views: 65.6ms | ActiveRecord: 0.0ms)


Started GET "/articles/" for 127.0.0.1 at 2017-02-08 16:19:41 -0200
Processing by ArticlesController#index as HTML
  Rendering articles/index.html.erb within layouts/application
  [1m[36mArticle Load (0.5ms)[0m  [1m[34mSELECT "articles".* FROM "articles"[0m
  Rendered articles/index.html.erb within layouts/application (8.0ms)
Completed 200 OK in 95ms (Views: 75.1ms | ActiveRecord: 1.5ms)


Started GET "/articles/1" for 127.0.0.1 at 2017-02-08 16:19:44 -0200
Processing by ArticlesController#show as HTML
  Parameters: {"id"=>"1"}
  [1m[36mArticle Load (1.0ms)[0m  [1m[34mSELECT  "articles".* FROM "articles" WHERE "articles"."id" = ? LIMIT ?[0m  [["id", 1], ["LIMIT", 1]]
  Rendering articles/show.html.erb within layouts/application
  Rendered articles/show.html.erb within layouts/application (0.0ms)
Completed 200 OK in 76ms (Views: 66.4ms | ActiveRecord: 1.0ms)


Started GET "/articles/1" for 127.0.0.1 at 2017-02-08 16:19:50 -0200
Processing by ArticlesController#show as HTML
  Parameters: {"id"=>"1"}
  [1m[36mArticle Load (0.0ms)[0m  [1m[34mSELECT  "articles".* FROM "articles" WHERE "articles"."id" = ? LIMIT ?[0m  [["id", 1], ["LIMIT", 1]]
  Rendering articles/show.html.erb within layouts/application
  Rendered articles/show.html.erb within layouts/application (0.0ms)
Completed 200 OK in 74ms (Views: 62.2ms | ActiveRecord: 0.0ms)


Started GET "/articles/new" for 127.0.0.1 at 2017-02-08 16:19:53 -0200
Processing by ArticlesController#new as HTML
  Rendering articles/new.html.erb within layouts/application
  Rendered articles/new.html.erb within layouts/application (2.0ms)
Completed 200 OK in 86ms (Views: 75.3ms | ActiveRecord: 0.0ms)


Started POST "/articles" for 127.0.0.1 at 2017-02-08 16:20:03 -0200
Processing by ArticlesController#create as HTML
  Parameters: {"utf8"=>"✓", "authenticity_token"=>"PYZ/mB30RhDOhV2HdnQo61ZIvTNVtWi9evGVgWNtXEIevGDR8csMzkjKBxuwQbJlBm4q8LhYFBe1IhPcqoOHlA==", "article"=>{"title"=>"Ayslan", "text"=>"Ayslan Marques"}, "commit"=>"Save Article"}
  [1m[35m (0.0ms)[0m  [1m[36mbegin transaction[0m
  [1m[35mSQL (1.0ms)[0m  [1m[32mINSERT INTO "articles" ("title", "text", "created_at", "updated_at") VALUES (?, ?, ?, ?)[0m  [["title", "Ayslan"], ["text", "Ayslan Marques"], ["created_at", 2017-02-08 18:20:03 UTC], ["updated_at", 2017-02-08 18:20:03 UTC]]
  [1m[35m (11.0ms)[0m  [1m[36mcommit transaction[0m
Redirected to http://localhost:3000/articles/2
Completed 302 Found in 26ms (ActiveRecord: 12.0ms)


Started GET "/articles/2" for 127.0.0.1 at 2017-02-08 16:20:03 -0200
Processing by ArticlesController#show as HTML
  Parameters: {"id"=>"2"}
  [1m[36mArticle Load (0.0ms)[0m  [1m[34mSELECT  "articles".* FROM "articles" WHERE "articles"."id" = ? LIMIT ?[0m  [["id", 2], ["LIMIT", 1]]
  Rendering articles/show.html.erb within layouts/application
  Rendered articles/show.html.erb within layouts/application (1.0ms)
Completed 200 OK in 82ms (Views: 67.4ms | ActiveRecord: 0.0ms)


Started GET "/articles" for 127.0.0.1 at 2017-02-08 16:20:05 -0200
Processing by ArticlesController#index as HTML
  Rendering articles/index.html.erb within layouts/application
  [1m[36mArticle Load (1.0ms)[0m  [1m[34mSELECT "articles".* FROM "articles"[0m
  Rendered articles/index.html.erb within layouts/application (3.0ms)
Completed 200 OK in 78ms (Views: 65.3ms | ActiveRecord: 1.0ms)


Started GET "/articles/new" for 127.0.0.1 at 2017-02-08 16:20:27 -0200
Processing by ArticlesController#new as HTML
Started GET "/articles/new" for 127.0.0.1 at 2017-02-08 16:20:27 -0200
  Rendering articles/new.html.erb within layouts/application
  Rendered articles/new.html.erb within layouts/application (1.0ms)
Completed 200 OK in 88ms (Views: 71.1ms | ActiveRecord: 0.0ms)


Processing by ArticlesController#new as HTML
  Rendering articles/new.html.erb within layouts/application
  Rendered articles/new.html.erb within layouts/application (1.0ms)
Completed 200 OK in 78ms (Views: 67.3ms | ActiveRecord: 0.0ms)


Started POST "/articles" for 127.0.0.1 at 2017-02-08 16:20:36 -0200
Processing by ArticlesController#create as HTML
  Parameters: {"utf8"=>"✓", "authenticity_token"=>"WXkmKC/DmFFe+0j8JpBmj6tTE/TIu63t6JZZCtwLC9l6Qzlhw/zSj9i0EmDgpfwB+3WENyVW0UcnRd9XFeXQDw==", "article"=>{"title"=>"Sumensari", "text"=>"Caio Sumensari"}, "commit"=>"Save Article"}
  [1m[35m (0.0ms)[0m  [1m[36mbegin transaction[0m
  [1m[35mSQL (0.0ms)[0m  [1m[32mINSERT INTO "articles" ("title", "text", "created_at", "updated_at") VALUES (?, ?, ?, ?)[0m  [["title", "Sumensari"], ["text", "Caio Sumensari"], ["created_at", 2017-02-08 18:20:36 UTC], ["updated_at", 2017-02-08 18:20:36 UTC]]
  [1m[35m (10.5ms)[0m  [1m[36mcommit transaction[0m
Redirected to 
Completed 500 Internal Server Error in 26ms (ActiveRecord: 10.5ms)


  
ActionController::ActionControllerError (Cannot redirect to nil!):
  
app/controllers/articles_controller.rb:18:in `create'
  Rendering C:/Ruby23-x64/lib/ruby/gems/2.3.0/gems/actionpack-5.0.1/lib/action_dispatch/middleware/templates/rescues/diagnostics.html.erb within rescues/layout
  Rendering C:/Ruby23-x64/lib/ruby/gems/2.3.0/gems/actionpack-5.0.1/lib/action_dispatch/middleware/templates/rescues/_source.html.erb
  Rendered C:/Ruby23-x64/lib/ruby/gems/2.3.0/gems/actionpack-5.0.1/lib/action_dispatch/middleware/templates/rescues/_source.html.erb (2.0ms)
  Rendering C:/Ruby23-x64/lib/ruby/gems/2.3.0/gems/actionpack-5.0.1/lib/action_dispatch/middleware/templates/rescues/_trace.html.erb
  Rendered C:/Ruby23-x64/lib/ruby/gems/2.3.0/gems/actionpack-5.0.1/lib/action_dispatch/middleware/templates/rescues/_trace.html.erb (1.0ms)
  Rendering C:/Ruby23-x64/lib/ruby/gems/2.3.0/gems/actionpack-5.0.1/lib/action_dispatch/middleware/templates/rescues/_request_and_response.html.erb
  Rendered C:/Ruby23-x64/lib/ruby/gems/2.3.0/gems/actionpack-5.0.1/lib/action_dispatch/middleware/templates/rescues/_request_and_response.html.erb (1.0ms)
  Rendered C:/Ruby23-x64/lib/ruby/gems/2.3.0/gems/actionpack-5.0.1/lib/action_dispatch/middleware/templates/rescues/diagnostics.html.erb within rescues/layout (594.7ms)
Started GET "/articles/" for 127.0.0.1 at 2017-02-08 16:33:01 -0200
  [1m[36mActiveRecord::SchemaMigration Load (0.0ms)[0m  [1m[34mSELECT "schema_migrations".* FROM "schema_migrations"[0m
Processing by ArticlesController#index as HTML
  Rendering articles/index.html.erb within layouts/application
  Rendered articles/index.html.erb within layouts/application (6.0ms)
Completed 200 OK in 405ms (Views: 384.3ms | ActiveRecord: 0.0ms)


Started GET "/articles" for 127.0.0.1 at 2017-02-08 16:33:32 -0200
Processing by ArticlesController#index as HTML
  Rendering articles/index.html.erb within layouts/application
  Rendered articles/index.html.erb within layouts/application (0.0ms)
Completed 200 OK in 64ms (Views: 58.0ms | ActiveRecord: 0.0ms)


Started GET "/articles" for 127.0.0.1 at 2017-02-08 16:54:03 -0200
  [1m[36mActiveRecord::SchemaMigration Load (0.0ms)[0m  [1m[34mSELECT "schema_migrations".* FROM "schema_migrations"[0m
Processing by ArticlesController#index as HTML
  Rendering articles/index.html.erb within layouts/application
  Rendered articles/index.html.erb within layouts/application (5.5ms)
Completed 200 OK in 371ms (Views: 349.0ms | ActiveRecord: 0.0ms)


Started GET "/articles/new" for 127.0.0.1 at 2017-02-08 16:54:17 -0200
Processing by ArticlesController#new as HTML
  Rendering articles/new.html.erb within layouts/application
  Rendered articles/new.html.erb within layouts/application (19.0ms)
Completed 200 OK in 96ms (Views: 83.7ms | ActiveRecord: 0.0ms)


Started GET "/articles" for 127.0.0.1 at 2017-02-08 16:54:19 -0200
Processing by ArticlesController#index as HTML
  Rendering articles/index.html.erb within layouts/application
  Rendered articles/index.html.erb within layouts/application (0.5ms)
Completed 200 OK in 80ms (Views: 69.1ms | ActiveRecord: 0.0ms)


Started GET "/articles" for 127.0.0.1 at 2017-02-08 16:54:20 -0200
Processing by ArticlesController#index as HTML
  Rendering articles/index.html.erb within layouts/application
  Rendered articles/index.html.erb within layouts/application (0.5ms)
Completed 200 OK in 81ms (Views: 68.7ms | ActiveRecord: 0.0ms)


Started GET "/articles/new" for 127.0.0.1 at 2017-02-08 16:54:22 -0200
Processing by ArticlesController#new as HTML
  Rendering articles/new.html.erb within layouts/application
  Rendered articles/new.html.erb within layouts/application (1.0ms)
Completed 200 OK in 91ms (Views: 79.1ms | ActiveRecord: 0.0ms)


Started GET "/articles" for 127.0.0.1 at 2017-02-08 16:54:27 -0200
Processing by ArticlesController#index as HTML
  Rendering articles/index.html.erb within layouts/application
  Rendered articles/index.html.erb within layouts/application (0.5ms)
Completed 200 OK in 80ms (Views: 69.1ms | ActiveRecord: 0.0ms)


Started GET "/articles" for 127.0.0.1 at 2017-02-08 16:54:29 -0200
Processing by ArticlesController#index as HTML
  Rendering articles/index.html.erb within layouts/application
  Rendered articles/index.html.erb within layouts/application (0.5ms)
Completed 200 OK in 78ms (Views: 67.3ms | ActiveRecord: 0.0ms)


Started GET "/articles" for 127.0.0.1 at 2017-02-08 16:54:47 -0200
Processing by ArticlesController#index as HTML
  Rendering articles/index.html.erb within layouts/application
  [1m[36mArticle Load (0.5ms)[0m  [1m[34mSELECT "articles".* FROM "articles"[0m
  Rendered articles/index.html.erb within layouts/application (6.5ms)
Completed 200 OK in 90ms (Views: 76.6ms | ActiveRecord: 1.5ms)


Started GET "/articles/2" for 127.0.0.1 at 2017-02-08 16:54:50 -0200
Processing by ArticlesController#show as HTML
  Parameters: {"id"=>"2"}
  [1m[36mArticle Load (0.0ms)[0m  [1m[34mSELECT  "articles".* FROM "articles" WHERE "articles"."id" = ? LIMIT ?[0m  [["id", 2], ["LIMIT", 1]]
  Rendering articles/show.html.erb within layouts/application
  Rendered articles/show.html.erb within layouts/application (0.5ms)
Completed 200 OK in 80ms (Views: 60.0ms | ActiveRecord: 0.0ms)


Started GET "/articles" for 127.0.0.1 at 2017-02-08 16:54:51 -0200
Processing by ArticlesController#index as HTML
  Rendering articles/index.html.erb within layouts/application
  [1m[36mArticle Load (0.0ms)[0m  [1m[34mSELECT "articles".* FROM "articles"[0m
  Rendered articles/index.html.erb within layouts/application (2.5ms)
Completed 200 OK in 86ms (Views: 74.2ms | ActiveRecord: 0.0ms)


Started GET "/articles/3" for 127.0.0.1 at 2017-02-08 16:54:52 -0200
Processing by ArticlesController#show as HTML
  Parameters: {"id"=>"3"}
  [1m[36mArticle Load (0.0ms)[0m  [1m[34mSELECT  "articles".* FROM "articles" WHERE "articles"."id" = ? LIMIT ?[0m  [["id", 3], ["LIMIT", 1]]
  Rendering articles/show.html.erb within layouts/application
  Rendered articles/show.html.erb within layouts/application (0.5ms)
Completed 200 OK in 85ms (Views: 69.2ms | ActiveRecord: 0.0ms)


Started GET "/articles" for 127.0.0.1 at 2017-02-08 16:54:53 -0200
Processing by ArticlesController#index as HTML
  Rendering articles/index.html.erb within layouts/application
  [1m[36mArticle Load (0.5ms)[0m  [1m[34mSELECT "articles".* FROM "articles"[0m
  Rendered articles/index.html.erb within layouts/application (2.5ms)
Completed 200 OK in 83ms (Views: 69.2ms | ActiveRecord: 0.5ms)


Started GET "/articles/1" for 127.0.0.1 at 2017-02-08 16:54:54 -0200
Processing by ArticlesController#show as HTML
  Parameters: {"id"=>"1"}
  [1m[36mArticle Load (0.0ms)[0m  [1m[34mSELECT  "articles".* FROM "articles" WHERE "articles"."id" = ? LIMIT ?[0m  [["id", 1], ["LIMIT", 1]]
  Rendering articles/show.html.erb within layouts/application
  Rendered articles/show.html.erb within layouts/application (0.5ms)
Completed 200 OK in 82ms (Views: 66.9ms | ActiveRecord: 0.0ms)


Started GET "/articles" for 127.0.0.1 at 2017-02-08 16:54:55 -0200
Processing by ArticlesController#index as HTML
  Rendering articles/index.html.erb within layouts/application
  [1m[36mArticle Load (0.0ms)[0m  [1m[34mSELECT "articles".* FROM "articles"[0m
  Rendered articles/index.html.erb within layouts/application (2.5ms)
Completed 200 OK in 85ms (Views: 73.2ms | ActiveRecord: 0.0ms)


Started GET "/articles/new" for 127.0.0.1 at 2017-02-08 16:54:56 -0200
Processing by ArticlesController#new as HTML
  Rendering articles/new.html.erb within layouts/application
  Rendered articles/new.html.erb within layouts/application (1.5ms)
Completed 200 OK in 79ms (Views: 68.2ms | ActiveRecord: 0.0ms)


Started POST "/articles" for 127.0.0.1 at 2017-02-08 16:55:04 -0200
Processing by ArticlesController#create as HTML
  Parameters: {"utf8"=>"✓", "authenticity_token"=>"fW9nkAR3PKt56dRwQak95UMFp1ltTMORa8xWYfewrGPxXMSHBIALsSJzcxUhGxLH695ZkLKq88WrtpDaeuhYkA==", "article"=>{"title"=>"Arruda", "text"=>"Bernard Arruda"}, "commit"=>"Save Article"}
  [1m[35m (0.0ms)[0m  [1m[36mbegin transaction[0m
  [1m[35mSQL (1.0ms)[0m  [1m[32mINSERT INTO "articles" ("title", "text", "created_at", "updated_at") VALUES (?, ?, ?, ?)[0m  [["title", "Arruda"], ["text", "Bernard Arruda"], ["created_at", 2017-02-08 18:55:04 UTC], ["updated_at", 2017-02-08 18:55:04 UTC]]
  [1m[35m (10.5ms)[0m  [1m[36mcommit transaction[0m
Redirected to http://localhost:3000/articles/4
Completed 302 Found in 24ms (ActiveRecord: 11.5ms)


Started GET "/articles/4" for 127.0.0.1 at 2017-02-08 16:55:04 -0200
Processing by ArticlesController#show as HTML
  Parameters: {"id"=>"4"}
  [1m[36mArticle Load (0.5ms)[0m  [1m[34mSELECT  "articles".* FROM "articles" WHERE "articles"."id" = ? LIMIT ?[0m  [["id", 4], ["LIMIT", 1]]
  Rendering articles/show.html.erb within layouts/application
  Rendered articles/show.html.erb within layouts/application (0.5ms)
Completed 200 OK in 89ms (Views: 73.2ms | ActiveRecord: 0.5ms)


Started GET "/articles" for 127.0.0.1 at 2017-02-08 16:55:06 -0200
Processing by ArticlesController#index as HTML
  Rendering articles/index.html.erb within layouts/application
  [1m[36mArticle Load (0.0ms)[0m  [1m[34mSELECT "articles".* FROM "articles"[0m
  Rendered articles/index.html.erb within layouts/application (0.0ms)
Completed 200 OK in 83ms (Views: 71.5ms | ActiveRecord: 0.0ms)


Started GET "/articles/new" for 127.0.0.1 at 2017-02-08 16:56:26 -0200
Processing by ArticlesController#new as HTML
  Rendering articles/new.html.erb within layouts/application
  Rendered articles/new.html.erb within layouts/application (1.5ms)
Completed 200 OK in 80ms (Views: 68.0ms | ActiveRecord: 0.0ms)


Started POST "/articles" for 127.0.0.1 at 2017-02-08 16:56:32 -0200
Processing by ArticlesController#create as HTML
  Parameters: {"utf8"=>"✓", "authenticity_token"=>"SJnT3RmSwEkNrie7ejhrkS0BJHuxnpMyFSw0bqO70PrEqnDKGWX3U1Y0gN4aikSzhdrasm54o2bVVvLVLuMkCQ==", "article"=>{"title"=>"a", "text"=>""}, "commit"=>"Save Article"}
Completed 500 Internal Server Error in 2ms (ActiveRecord: 0.0ms)


  
SyntaxError (C:/Users/ayslan.marques/Downloads/blog/app/models/article.rb:3: syntax error, unexpected ':', expecting =>
                      length: { minimum : 5 }
                                         ^):
  
app/models/article.rb:3: syntax error, unexpected ':', expecting =>
app/controllers/articles_controller.rb:15:in `create'
  Rendering C:/Ruby23-x64/lib/ruby/gems/2.3.0/gems/actionpack-5.0.1/lib/action_dispatch/middleware/templates/rescues/diagnostics.html.erb within rescues/layout
  Rendering C:/Ruby23-x64/lib/ruby/gems/2.3.0/gems/actionpack-5.0.1/lib/action_dispatch/middleware/templates/rescues/_source.html.erb
  Rendered C:/Ruby23-x64/lib/ruby/gems/2.3.0/gems/actionpack-5.0.1/lib/action_dispatch/middleware/templates/rescues/_source.html.erb (2.5ms)
  Rendering C:/Ruby23-x64/lib/ruby/gems/2.3.0/gems/actionpack-5.0.1/lib/action_dispatch/middleware/templates/rescues/_trace.html.erb
  Rendered C:/Ruby23-x64/lib/ruby/gems/2.3.0/gems/actionpack-5.0.1/lib/action_dispatch/middleware/templates/rescues/_trace.html.erb (1.0ms)
  Rendering C:/Ruby23-x64/lib/ruby/gems/2.3.0/gems/actionpack-5.0.1/lib/action_dispatch/middleware/templates/rescues/_request_and_response.html.erb
  Rendered C:/Ruby23-x64/lib/ruby/gems/2.3.0/gems/actionpack-5.0.1/lib/action_dispatch/middleware/templates/rescues/_request_and_response.html.erb (1.0ms)
  Rendered C:/Ruby23-x64/lib/ruby/gems/2.3.0/gems/actionpack-5.0.1/lib/action_dispatch/middleware/templates/rescues/diagnostics.html.erb within rescues/layout (605.0ms)
Started GET "/articles" for 127.0.0.1 at 2017-02-08 16:57:59 -0200
  
SyntaxError (C:/Users/ayslan.marques/Downloads/blog/app/controllers/articles_controller.rb:27: syntax error, unexpected end-of-input, expecting keyword_end):
  
app/controllers/articles_controller.rb:27: syntax error, unexpected end-of-input, expecting keyword_end
  Rendering C:/Ruby23-x64/lib/ruby/gems/2.3.0/gems/actionpack-5.0.1/lib/action_dispatch/middleware/templates/rescues/diagnostics.html.erb within rescues/layout
  Rendering C:/Ruby23-x64/lib/ruby/gems/2.3.0/gems/actionpack-5.0.1/lib/action_dispatch/middleware/templates/rescues/_source.html.erb
  Rendered C:/Ruby23-x64/lib/ruby/gems/2.3.0/gems/actionpack-5.0.1/lib/action_dispatch/middleware/templates/rescues/_source.html.erb (2.0ms)
  Rendering C:/Ruby23-x64/lib/ruby/gems/2.3.0/gems/actionpack-5.0.1/lib/action_dispatch/middleware/templates/rescues/_trace.html.erb
  Rendered C:/Ruby23-x64/lib/ruby/gems/2.3.0/gems/actionpack-5.0.1/lib/action_dispatch/middleware/templates/rescues/_trace.html.erb (1.0ms)
  Rendering C:/Ruby23-x64/lib/ruby/gems/2.3.0/gems/actionpack-5.0.1/lib/action_dispatch/middleware/templates/rescues/_request_and_response.html.erb
  Rendered C:/Ruby23-x64/lib/ruby/gems/2.3.0/gems/actionpack-5.0.1/lib/action_dispatch/middleware/templates/rescues/_request_and_response.html.erb (0.5ms)
  Rendered C:/Ruby23-x64/lib/ruby/gems/2.3.0/gems/actionpack-5.0.1/lib/action_dispatch/middleware/templates/rescues/diagnostics.html.erb within rescues/layout (626.0ms)
Started GET "/articles" for 127.0.0.1 at 2017-02-08 16:58:05 -0200
  
SyntaxError (C:/Users/ayslan.marques/Downloads/blog/app/controllers/articles_controller.rb:27: syntax error, unexpected end-of-input, expecting keyword_end):
  
app/controllers/articles_controller.rb:27: syntax error, unexpected end-of-input, expecting keyword_end
  Rendering C:/Ruby23-x64/lib/ruby/gems/2.3.0/gems/actionpack-5.0.1/lib/action_dispatch/middleware/templates/rescues/diagnostics.html.erb within rescues/layout
  Rendering C:/Ruby23-x64/lib/ruby/gems/2.3.0/gems/actionpack-5.0.1/lib/action_dispatch/middleware/templates/rescues/_source.html.erb
  Rendered C:/Ruby23-x64/lib/ruby/gems/2.3.0/gems/actionpack-5.0.1/lib/action_dispatch/middleware/templates/rescues/_source.html.erb (3.0ms)
  Rendering C:/Ruby23-x64/lib/ruby/gems/2.3.0/gems/actionpack-5.0.1/lib/action_dispatch/middleware/templates/rescues/_trace.html.erb
  Rendered C:/Ruby23-x64/lib/ruby/gems/2.3.0/gems/actionpack-5.0.1/lib/action_dispatch/middleware/templates/rescues/_trace.html.erb (1.0ms)
  Rendering C:/Ruby23-x64/lib/ruby/gems/2.3.0/gems/actionpack-5.0.1/lib/action_dispatch/middleware/templates/rescues/_request_and_response.html.erb
  Rendered C:/Ruby23-x64/lib/ruby/gems/2.3.0/gems/actionpack-5.0.1/lib/action_dispatch/middleware/templates/rescues/_request_and_response.html.erb (1.5ms)
  Rendered C:/Ruby23-x64/lib/ruby/gems/2.3.0/gems/actionpack-5.0.1/lib/action_dispatch/middleware/templates/rescues/diagnostics.html.erb within rescues/layout (611.5ms)
Started GET "/articles" for 127.0.0.1 at 2017-02-08 16:58:16 -0200
Processing by ArticlesController#index as HTML
Completed 500 Internal Server Error in 2ms (ActiveRecord: 0.0ms)


  
SyntaxError (C:/Users/ayslan.marques/Downloads/blog/app/models/article.rb:3: syntax error, unexpected ':', expecting =>
                      length: { minimum : 5 }
                                         ^):
  
app/models/article.rb:3: syntax error, unexpected ':', expecting =>
app/controllers/articles_controller.rb:3:in `index'
  Rendering C:/Ruby23-x64/lib/ruby/gems/2.3.0/gems/actionpack-5.0.1/lib/action_dispatch/middleware/templates/rescues/diagnostics.html.erb within rescues/layout
  Rendering C:/Ruby23-x64/lib/ruby/gems/2.3.0/gems/actionpack-5.0.1/lib/action_dispatch/middleware/templates/rescues/_source.html.erb
  Rendered C:/Ruby23-x64/lib/ruby/gems/2.3.0/gems/actionpack-5.0.1/lib/action_dispatch/middleware/templates/rescues/_source.html.erb (3.0ms)
  Rendering C:/Ruby23-x64/lib/ruby/gems/2.3.0/gems/actionpack-5.0.1/lib/action_dispatch/middleware/templates/rescues/_trace.html.erb
  Rendered C:/Ruby23-x64/lib/ruby/gems/2.3.0/gems/actionpack-5.0.1/lib/action_dispatch/middleware/templates/rescues/_trace.html.erb (2.0ms)
  Rendering C:/Ruby23-x64/lib/ruby/gems/2.3.0/gems/actionpack-5.0.1/lib/action_dispatch/middleware/templates/rescues/_request_and_response.html.erb
  Rendered C:/Ruby23-x64/lib/ruby/gems/2.3.0/gems/actionpack-5.0.1/lib/action_dispatch/middleware/templates/rescues/_request_and_response.html.erb (1.0ms)
  Rendered C:/Ruby23-x64/lib/ruby/gems/2.3.0/gems/actionpack-5.0.1/lib/action_dispatch/middleware/templates/rescues/diagnostics.html.erb within rescues/layout (630.9ms)
Started GET "/articles/new" for 127.0.0.1 at 2017-02-08 16:58:35 -0200
Processing by ArticlesController#new as HTML
  Rendering articles/new.html.erb within layouts/application
  Rendered articles/new.html.erb within layouts/application (12.5ms)
Completed 500 Internal Server Error in 58ms (ActiveRecord: 0.0ms)


  
ActionView::Template::Error (undefined method `errors' for nil:NilClass):
    1: 
    2: <%= form_for :article, url: articles_path do |f| %>
    3:  
    4:   <% if @article.errors.any? %>
    5:     <div id="error_explanation">
    6:       <h2>
    7:         <%= pluralize(@article.errors.count, "error") %> prohibited
  
app/views/articles/new.html.erb:4:in `block in _app_views_articles_new_html_erb___185852778_94074000'
app/views/articles/new.html.erb:2:in `_app_views_articles_new_html_erb___185852778_94074000'
  Rendering C:/Ruby23-x64/lib/ruby/gems/2.3.0/gems/actionpack-5.0.1/lib/action_dispatch/middleware/templates/rescues/template_error.html.erb within rescues/layout
  Rendering C:/Ruby23-x64/lib/ruby/gems/2.3.0/gems/actionpack-5.0.1/lib/action_dispatch/middleware/templates/rescues/_source.html.erb
  Rendered C:/Ruby23-x64/lib/ruby/gems/2.3.0/gems/actionpack-5.0.1/lib/action_dispatch/middleware/templates/rescues/_source.html.erb (3.5ms)
  Rendering C:/Ruby23-x64/lib/ruby/gems/2.3.0/gems/actionpack-5.0.1/lib/action_dispatch/middleware/templates/rescues/_trace.html.erb
  Rendered C:/Ruby23-x64/lib/ruby/gems/2.3.0/gems/actionpack-5.0.1/lib/action_dispatch/middleware/templates/rescues/_trace.html.erb (1.5ms)
  Rendering C:/Ruby23-x64/lib/ruby/gems/2.3.0/gems/actionpack-5.0.1/lib/action_dispatch/middleware/templates/rescues/_request_and_response.html.erb
  Rendered C:/Ruby23-x64/lib/ruby/gems/2.3.0/gems/actionpack-5.0.1/lib/action_dispatch/middleware/templates/rescues/_request_and_response.html.erb (0.5ms)
  Rendered C:/Ruby23-x64/lib/ruby/gems/2.3.0/gems/actionpack-5.0.1/lib/action_dispatch/middleware/templates/rescues/template_error.html.erb within rescues/layout (626.4ms)
Started GET "/articles" for 127.0.0.1 at 2017-02-08 16:59:04 -0200
  [1m[36mActiveRecord::SchemaMigration Load (0.0ms)[0m  [1m[34mSELECT "schema_migrations".* FROM "schema_migrations"[0m
Processing by ArticlesController#index as HTML
Completed 500 Internal Server Error in 11ms (ActiveRecord: 0.0ms)


  
SyntaxError (C:/Users/ayslan.marques/Downloads/blog/app/models/article.rb:3: syntax error, unexpected ':', expecting =>
                      length: { minimum : 5 }
                                         ^):
  
app/models/article.rb:3: syntax error, unexpected ':', expecting =>
app/controllers/articles_controller.rb:3:in `index'
  Rendering C:/Ruby23-x64/lib/ruby/gems/2.3.0/gems/actionpack-5.0.1/lib/action_dispatch/middleware/templates/rescues/diagnostics.html.erb within rescues/layout
  Rendering C:/Ruby23-x64/lib/ruby/gems/2.3.0/gems/actionpack-5.0.1/lib/action_dispatch/middleware/templates/rescues/_source.html.erb
  Rendered C:/Ruby23-x64/lib/ruby/gems/2.3.0/gems/actionpack-5.0.1/lib/action_dispatch/middleware/templates/rescues/_source.html.erb (4.5ms)
  Rendering C:/Ruby23-x64/lib/ruby/gems/2.3.0/gems/actionpack-5.0.1/lib/action_dispatch/middleware/templates/rescues/_trace.html.erb
  Rendered C:/Ruby23-x64/lib/ruby/gems/2.3.0/gems/actionpack-5.0.1/lib/action_dispatch/middleware/templates/rescues/_trace.html.erb (1.5ms)
  Rendering C:/Ruby23-x64/lib/ruby/gems/2.3.0/gems/actionpack-5.0.1/lib/action_dispatch/middleware/templates/rescues/_request_and_response.html.erb
  Rendered C:/Ruby23-x64/lib/ruby/gems/2.3.0/gems/actionpack-5.0.1/lib/action_dispatch/middleware/templates/rescues/_request_and_response.html.erb (1.0ms)
  Rendered C:/Ruby23-x64/lib/ruby/gems/2.3.0/gems/actionpack-5.0.1/lib/action_dispatch/middleware/templates/rescues/diagnostics.html.erb within rescues/layout (715.1ms)
Started GET "/articles/new" for 127.0.0.1 at 2017-02-08 16:59:59 -0200
Processing by ArticlesController#new as HTML
  Rendering articles/new.html.erb within layouts/application
  Rendered articles/new.html.erb within layouts/application (12.0ms)
Completed 500 Internal Server Error in 56ms (ActiveRecord: 0.0ms)


  
ActionView::Template::Error (undefined method `errors' for nil:NilClass):
    1: 
    2: <%= form_for :article, url: articles_path do |f| %>
    3:  
    4:   <% if @article.errors.any? %>
    5:     <div id="error_explanation">
    6:       <h2>
    7:         <%= pluralize(@article.errors.count, "error") %> prohibited
  
app/views/articles/new.html.erb:4:in `block in _app_views_articles_new_html_erb___1124405742_52282480'
app/views/articles/new.html.erb:2:in `_app_views_articles_new_html_erb___1124405742_52282480'
Started GET "/articles/new" for 127.0.0.1 at 2017-02-08 17:00:00 -0200
Processing by ArticlesController#new as HTML
  Rendering articles/new.html.erb within layouts/application
  Rendered articles/new.html.erb within layouts/application (14.0ms)
Completed 500 Internal Server Error in 60ms (ActiveRecord: 0.0ms)


  
ActionView::Template::Error (undefined method `errors' for nil:NilClass):
    1: 
    2: <%= form_for :article, url: articles_path do |f| %>
    3:  
    4:   <% if @article.errors.any? %>
    5:     <div id="error_explanation">
    6:       <h2>
    7:         <%= pluralize(@article.errors.count, "error") %> prohibited
  
app/views/articles/new.html.erb:4:in `block in _app_views_articles_new_html_erb___1124405742_48029900'
app/views/articles/new.html.erb:2:in `_app_views_articles_new_html_erb___1124405742_48029900'
  Rendering C:/Ruby23-x64/lib/ruby/gems/2.3.0/gems/actionpack-5.0.1/lib/action_dispatch/middleware/templates/rescues/template_error.html.erb within rescues/layout
  Rendering C:/Ruby23-x64/lib/ruby/gems/2.3.0/gems/actionpack-5.0.1/lib/action_dispatch/middleware/templates/rescues/_source.html.erb
  Rendered C:/Ruby23-x64/lib/ruby/gems/2.3.0/gems/actionpack-5.0.1/lib/action_dispatch/middleware/templates/rescues/_source.html.erb (3.0ms)
  Rendering C:/Ruby23-x64/lib/ruby/gems/2.3.0/gems/actionpack-5.0.1/lib/action_dispatch/middleware/templates/rescues/_trace.html.erb
  Rendered C:/Ruby23-x64/lib/ruby/gems/2.3.0/gems/actionpack-5.0.1/lib/action_dispatch/middleware/templates/rescues/_trace.html.erb (1.5ms)
  Rendering C:/Ruby23-x64/lib/ruby/gems/2.3.0/gems/actionpack-5.0.1/lib/action_dispatch/middleware/templates/rescues/_request_and_response.html.erb
  Rendered C:/Ruby23-x64/lib/ruby/gems/2.3.0/gems/actionpack-5.0.1/lib/action_dispatch/middleware/templates/rescues/_request_and_response.html.erb (1.0ms)
  Rendered C:/Ruby23-x64/lib/ruby/gems/2.3.0/gems/actionpack-5.0.1/lib/action_dispatch/middleware/templates/rescues/template_error.html.erb within rescues/layout (627.5ms)
  Rendering C:/Ruby23-x64/lib/ruby/gems/2.3.0/gems/actionpack-5.0.1/lib/action_dispatch/middleware/templates/rescues/template_error.html.erb within rescues/layout
  Rendering C:/Ruby23-x64/lib/ruby/gems/2.3.0/gems/actionpack-5.0.1/lib/action_dispatch/middleware/templates/rescues/_source.html.erb
  Rendered C:/Ruby23-x64/lib/ruby/gems/2.3.0/gems/actionpack-5.0.1/lib/action_dispatch/middleware/templates/rescues/_source.html.erb (3.5ms)
  Rendering C:/Ruby23-x64/lib/ruby/gems/2.3.0/gems/actionpack-5.0.1/lib/action_dispatch/middleware/templates/rescues/_trace.html.erb
  Rendered C:/Ruby23-x64/lib/ruby/gems/2.3.0/gems/actionpack-5.0.1/lib/action_dispatch/middleware/templates/rescues/_trace.html.erb (1.5ms)
  Rendering C:/Ruby23-x64/lib/ruby/gems/2.3.0/gems/actionpack-5.0.1/lib/action_dispatch/middleware/templates/rescues/_request_and_response.html.erb
  Rendered C:/Ruby23-x64/lib/ruby/gems/2.3.0/gems/actionpack-5.0.1/lib/action_dispatch/middleware/templates/rescues/_request_and_response.html.erb (1.0ms)
  Rendered C:/Ruby23-x64/lib/ruby/gems/2.3.0/gems/actionpack-5.0.1/lib/action_dispatch/middleware/templates/rescues/template_error.html.erb within rescues/layout (1622.0ms)
Started GET "/articles/1" for 127.0.0.1 at 2017-02-08 17:00:17 -0200
Processing by ArticlesController#show as HTML
  Parameters: {"id"=>"1"}
Completed 500 Internal Server Error in 2ms (ActiveRecord: 0.0ms)


  
SyntaxError (C:/Users/ayslan.marques/Downloads/blog/app/models/article.rb:3: syntax error, unexpected ':', expecting =>
                      length: { minimum : 5 }
                                         ^):
  
app/models/article.rb:3: syntax error, unexpected ':', expecting =>
app/controllers/articles_controller.rb:7:in `show'
  Rendering C:/Ruby23-x64/lib/ruby/gems/2.3.0/gems/actionpack-5.0.1/lib/action_dispatch/middleware/templates/rescues/diagnostics.html.erb within rescues/layout
  Rendering C:/Ruby23-x64/lib/ruby/gems/2.3.0/gems/actionpack-5.0.1/lib/action_dispatch/middleware/templates/rescues/_source.html.erb
  Rendered C:/Ruby23-x64/lib/ruby/gems/2.3.0/gems/actionpack-5.0.1/lib/action_dispatch/middleware/templates/rescues/_source.html.erb (2.5ms)
  Rendering C:/Ruby23-x64/lib/ruby/gems/2.3.0/gems/actionpack-5.0.1/lib/action_dispatch/middleware/templates/rescues/_trace.html.erb
  Rendered C:/Ruby23-x64/lib/ruby/gems/2.3.0/gems/actionpack-5.0.1/lib/action_dispatch/middleware/templates/rescues/_trace.html.erb (1.5ms)
  Rendering C:/Ruby23-x64/lib/ruby/gems/2.3.0/gems/actionpack-5.0.1/lib/action_dispatch/middleware/templates/rescues/_request_and_response.html.erb
  Rendered C:/Ruby23-x64/lib/ruby/gems/2.3.0/gems/actionpack-5.0.1/lib/action_dispatch/middleware/templates/rescues/_request_and_response.html.erb (1.5ms)
  Rendered C:/Ruby23-x64/lib/ruby/gems/2.3.0/gems/actionpack-5.0.1/lib/action_dispatch/middleware/templates/rescues/diagnostics.html.erb within rescues/layout (642.1ms)
Started GET "/articles" for 127.0.0.1 at 2017-02-08 17:01:01 -0200
Processing by ArticlesController#index as HTML
  Rendering articles/index.html.erb within layouts/application
  [1m[36mArticle Load (0.0ms)[0m  [1m[34mSELECT "articles".* FROM "articles"[0m
  Rendered articles/index.html.erb within layouts/application (7.0ms)
Completed 200 OK in 316ms (Views: 299.4ms | ActiveRecord: 1.0ms)


Started GET "/articles/new" for 127.0.0.1 at 2017-02-08 17:01:32 -0200
Processing by ArticlesController#new as HTML
  Rendering articles/new.html.erb within layouts/application
  Rendered articles/new.html.erb within layouts/application (13.0ms)
Completed 500 Internal Server Error in 59ms (ActiveRecord: 0.0ms)


  
ActionView::Template::Error (undefined method `errors' for nil:NilClass):
    1: 
    2: <%= form_for :article, url: articles_path do |f| %>
    3:  
    4:   <% if @article.errors.any? %>
    5:     <div id="error_explanation">
    6:       <h2>
    7:         <%= pluralize(@article.errors.count, "error") %> prohibited
  
app/views/articles/new.html.erb:4:in `block in _app_views_articles_new_html_erb___1124405742_101760180'
app/views/articles/new.html.erb:2:in `_app_views_articles_new_html_erb___1124405742_101760180'
  Rendering C:/Ruby23-x64/lib/ruby/gems/2.3.0/gems/actionpack-5.0.1/lib/action_dispatch/middleware/templates/rescues/template_error.html.erb within rescues/layout
  Rendering C:/Ruby23-x64/lib/ruby/gems/2.3.0/gems/actionpack-5.0.1/lib/action_dispatch/middleware/templates/rescues/_source.html.erb
  Rendered C:/Ruby23-x64/lib/ruby/gems/2.3.0/gems/actionpack-5.0.1/lib/action_dispatch/middleware/templates/rescues/_source.html.erb (4.0ms)
  Rendering C:/Ruby23-x64/lib/ruby/gems/2.3.0/gems/actionpack-5.0.1/lib/action_dispatch/middleware/templates/rescues/_trace.html.erb
  Rendered C:/Ruby23-x64/lib/ruby/gems/2.3.0/gems/actionpack-5.0.1/lib/action_dispatch/middleware/templates/rescues/_trace.html.erb (2.0ms)
  Rendering C:/Ruby23-x64/lib/ruby/gems/2.3.0/gems/actionpack-5.0.1/lib/action_dispatch/middleware/templates/rescues/_request_and_response.html.erb
  Rendered C:/Ruby23-x64/lib/ruby/gems/2.3.0/gems/actionpack-5.0.1/lib/action_dispatch/middleware/templates/rescues/_request_and_response.html.erb (1.0ms)
  Rendered C:/Ruby23-x64/lib/ruby/gems/2.3.0/gems/actionpack-5.0.1/lib/action_dispatch/middleware/templates/rescues/template_error.html.erb within rescues/layout (614.0ms)
Started GET "/articles" for 127.0.0.1 at 2017-02-08 17:01:36 -0200
Processing by ArticlesController#index as HTML
  Rendering articles/index.html.erb within layouts/application
  [1m[36mArticle Load (0.5ms)[0m  [1m[34mSELECT "articles".* FROM "articles"[0m
  Rendered articles/index.html.erb within layouts/application (2.5ms)
Completed 200 OK in 88ms (Views: 75.8ms | ActiveRecord: 0.5ms)


Started GET "/articles/3" for 127.0.0.1 at 2017-02-08 17:01:38 -0200
Processing by ArticlesController#show as HTML
  Parameters: {"id"=>"3"}
  [1m[36mArticle Load (0.0ms)[0m  [1m[34mSELECT  "articles".* FROM "articles" WHERE "articles"."id" = ? LIMIT ?[0m  [["id", 3], ["LIMIT", 1]]
  Rendering articles/show.html.erb within layouts/application
  Rendered articles/show.html.erb within layouts/application (0.5ms)
Completed 200 OK in 111ms (Views: 86.2ms | ActiveRecord: 0.0ms)


Started GET "/articles" for 127.0.0.1 at 2017-02-08 17:01:39 -0200
Processing by ArticlesController#index as HTML
  Rendering articles/index.html.erb within layouts/application
  [1m[36mArticle Load (0.0ms)[0m  [1m[34mSELECT "articles".* FROM "articles"[0m
  Rendered articles/index.html.erb within layouts/application (3.0ms)
Completed 200 OK in 93ms (Views: 81.0ms | ActiveRecord: 0.0ms)


Started GET "/articles/1" for 127.0.0.1 at 2017-02-08 17:01:40 -0200
Processing by ArticlesController#show as HTML
  Parameters: {"id"=>"1"}
  [1m[36mArticle Load (0.0ms)[0m  [1m[34mSELECT  "articles".* FROM "articles" WHERE "articles"."id" = ? LIMIT ?[0m  [["id", 1], ["LIMIT", 1]]
  Rendering articles/show.html.erb within layouts/application
  Rendered articles/show.html.erb within layouts/application (0.5ms)
Completed 200 OK in 78ms (Views: 65.2ms | ActiveRecord: 0.0ms)


Started GET "/articles" for 127.0.0.1 at 2017-02-08 17:01:41 -0200
Processing by ArticlesController#index as HTML
  Rendering articles/index.html.erb within layouts/application
  [1m[36mArticle Load (0.0ms)[0m  [1m[34mSELECT "articles".* FROM "articles"[0m
  Rendered articles/index.html.erb within layouts/application (2.0ms)
Completed 200 OK in 82ms (Views: 70.7ms | ActiveRecord: 0.0ms)


Started GET "/articles/new" for 127.0.0.1 at 2017-02-08 17:01:42 -0200
Processing by ArticlesController#new as HTML
  Rendering articles/new.html.erb within layouts/application
  Rendered articles/new.html.erb within layouts/application (12.5ms)
Completed 500 Internal Server Error in 55ms (ActiveRecord: 0.0ms)


  
ActionView::Template::Error (undefined method `errors' for nil:NilClass):
    1: 
    2: <%= form_for :article, url: articles_path do |f| %>
    3:  
    4:   <% if @article.errors.any? %>
    5:     <div id="error_explanation">
    6:       <h2>
    7:         <%= pluralize(@article.errors.count, "error") %> prohibited
  
app/views/articles/new.html.erb:4:in `block in _app_views_articles_new_html_erb___1124405742_97304600'
app/views/articles/new.html.erb:2:in `_app_views_articles_new_html_erb___1124405742_97304600'
  Rendering C:/Ruby23-x64/lib/ruby/gems/2.3.0/gems/actionpack-5.0.1/lib/action_dispatch/middleware/templates/rescues/template_error.html.erb within rescues/layout
  Rendering C:/Ruby23-x64/lib/ruby/gems/2.3.0/gems/actionpack-5.0.1/lib/action_dispatch/middleware/templates/rescues/_source.html.erb
  Rendered C:/Ruby23-x64/lib/ruby/gems/2.3.0/gems/actionpack-5.0.1/lib/action_dispatch/middleware/templates/rescues/_source.html.erb (8.0ms)
  Rendering C:/Ruby23-x64/lib/ruby/gems/2.3.0/gems/actionpack-5.0.1/lib/action_dispatch/middleware/templates/rescues/_trace.html.erb
  Rendered C:/Ruby23-x64/lib/ruby/gems/2.3.0/gems/actionpack-5.0.1/lib/action_dispatch/middleware/templates/rescues/_trace.html.erb (1.5ms)
  Rendering C:/Ruby23-x64/lib/ruby/gems/2.3.0/gems/actionpack-5.0.1/lib/action_dispatch/middleware/templates/rescues/_request_and_response.html.erb
  Rendered C:/Ruby23-x64/lib/ruby/gems/2.3.0/gems/actionpack-5.0.1/lib/action_dispatch/middleware/templates/rescues/_request_and_response.html.erb (0.5ms)
  Rendered C:/Ruby23-x64/lib/ruby/gems/2.3.0/gems/actionpack-5.0.1/lib/action_dispatch/middleware/templates/rescues/template_error.html.erb within rescues/layout (614.3ms)
Started GET "/articles" for 127.0.0.1 at 2017-02-08 17:01:47 -0200
Processing by ArticlesController#index as HTML
  Rendering articles/index.html.erb within layouts/application
  [1m[36mArticle Load (0.5ms)[0m  [1m[34mSELECT "articles".* FROM "articles"[0m
  Rendered articles/index.html.erb within layouts/application (2.5ms)
Completed 200 OK in 88ms (Views: 76.1ms | ActiveRecord: 0.5ms)


Started GET "/articles/new" for 127.0.0.1 at 2017-02-08 17:02:07 -0200
Processing by ArticlesController#new as HTML
  Rendering articles/new.html.erb within layouts/application
  Rendered articles/new.html.erb within layouts/application (12.0ms)
Completed 500 Internal Server Error in 58ms (ActiveRecord: 0.0ms)


  
ActionView::Template::Error (undefined method `errors' for nil:NilClass):
    1: <%= form_for :article, url: articles_path do |f| %>
    2:  
    3:   <% if @article.errors.any? %>
    4:     <div id="error_explanation">
    5:       <h2>
    6:         <%= pluralize(@article.errors.count, "error") %> prohibited
  
app/views/articles/new.html.erb:3:in `block in _app_views_articles_new_html_erb___1124405742_101323540'
app/views/articles/new.html.erb:1:in `_app_views_articles_new_html_erb___1124405742_101323540'
  Rendering C:/Ruby23-x64/lib/ruby/gems/2.3.0/gems/actionpack-5.0.1/lib/action_dispatch/middleware/templates/rescues/template_error.html.erb within rescues/layout
  Rendering C:/Ruby23-x64/lib/ruby/gems/2.3.0/gems/actionpack-5.0.1/lib/action_dispatch/middleware/templates/rescues/_source.html.erb
  Rendered C:/Ruby23-x64/lib/ruby/gems/2.3.0/gems/actionpack-5.0.1/lib/action_dispatch/middleware/templates/rescues/_source.html.erb (3.0ms)
  Rendering C:/Ruby23-x64/lib/ruby/gems/2.3.0/gems/actionpack-5.0.1/lib/action_dispatch/middleware/templates/rescues/_trace.html.erb
  Rendered C:/Ruby23-x64/lib/ruby/gems/2.3.0/gems/actionpack-5.0.1/lib/action_dispatch/middleware/templates/rescues/_trace.html.erb (2.0ms)
  Rendering C:/Ruby23-x64/lib/ruby/gems/2.3.0/gems/actionpack-5.0.1/lib/action_dispatch/middleware/templates/rescues/_request_and_response.html.erb
  Rendered C:/Ruby23-x64/lib/ruby/gems/2.3.0/gems/actionpack-5.0.1/lib/action_dispatch/middleware/templates/rescues/_request_and_response.html.erb (0.5ms)
  Rendered C:/Ruby23-x64/lib/ruby/gems/2.3.0/gems/actionpack-5.0.1/lib/action_dispatch/middleware/templates/rescues/template_error.html.erb within rescues/layout (616.0ms)
Started GET "/articles" for 127.0.0.1 at 2017-02-08 17:02:15 -0200
Processing by ArticlesController#index as HTML
  Rendering articles/index.html.erb within layouts/application
  [1m[36mArticle Load (0.0ms)[0m  [1m[34mSELECT "articles".* FROM "articles"[0m
  Rendered articles/index.html.erb within layouts/application (2.5ms)
Completed 200 OK in 79ms (Views: 67.8ms | ActiveRecord: 0.0ms)


Started GET "/articles/new" for 127.0.0.1 at 2017-02-08 17:03:12 -0200
Processing by ArticlesController#new as HTML
  Rendering articles/new.html.erb within layouts/application
  Rendered articles/new.html.erb within layouts/application (19.5ms)
Completed 200 OK in 101ms (Views: 89.0ms | ActiveRecord: 0.0ms)


Started GET "/articles" for 127.0.0.1 at 2017-02-08 17:03:18 -0200
Processing by ArticlesController#index as HTML
  Rendering articles/index.html.erb within layouts/application
  [1m[36mArticle Load (0.5ms)[0m  [1m[34mSELECT "articles".* FROM "articles"[0m
  Rendered articles/index.html.erb within layouts/application (2.0ms)
Completed 200 OK in 85ms (Views: 72.7ms | ActiveRecord: 0.5ms)


Started GET "/articles/2" for 127.0.0.1 at 2017-02-08 17:03:20 -0200
Processing by ArticlesController#show as HTML
  Parameters: {"id"=>"2"}
  [1m[36mArticle Load (0.5ms)[0m  [1m[34mSELECT  "articles".* FROM "articles" WHERE "articles"."id" = ? LIMIT ?[0m  [["id", 2], ["LIMIT", 1]]
  Rendering articles/show.html.erb within layouts/application
  Rendered articles/show.html.erb within layouts/application (0.5ms)
Completed 200 OK in 91ms (Views: 75.2ms | ActiveRecord: 0.5ms)


Started GET "/articles" for 127.0.0.1 at 2017-02-08 17:03:21 -0200
Processing by ArticlesController#index as HTML
  Rendering articles/index.html.erb within layouts/application
  [1m[36mArticle Load (0.0ms)[0m  [1m[34mSELECT "articles".* FROM "articles"[0m
  Rendered articles/index.html.erb within layouts/application (2.5ms)
Completed 200 OK in 82ms (Views: 70.7ms | ActiveRecord: 0.0ms)


Started GET "/articles/new" for 127.0.0.1 at 2017-02-08 17:03:21 -0200
Processing by ArticlesController#new as HTML
  Rendering articles/new.html.erb within layouts/application
  Rendered articles/new.html.erb within layouts/application (1.5ms)
Completed 200 OK in 82ms (Views: 69.9ms | ActiveRecord: 0.0ms)


Started GET "/articles" for 127.0.0.1 at 2017-02-08 17:03:51 -0200
Processing by ArticlesController#index as HTML
  Rendering articles/index.html.erb within layouts/application
  [1m[36mArticle Load (0.0ms)[0m  [1m[34mSELECT "articles".* FROM "articles"[0m
  Rendered articles/index.html.erb within layouts/application (2.5ms)
Completed 200 OK in 81ms (Views: 68.7ms | ActiveRecord: 0.0ms)


Started GET "/articles/new" for 127.0.0.1 at 2017-02-08 17:03:52 -0200
Processing by ArticlesController#new as HTML
  Rendering articles/new.html.erb within layouts/application
  Rendered articles/new.html.erb within layouts/application (1.0ms)
Completed 200 OK in 83ms (Views: 71.6ms | ActiveRecord: 0.0ms)


Started GET "/articles" for 127.0.0.1 at 2017-02-08 17:03:53 -0200
Processing by ArticlesController#index as HTML
  Rendering articles/index.html.erb within layouts/application
  [1m[36mArticle Load (0.5ms)[0m  [1m[34mSELECT "articles".* FROM "articles"[0m
  Rendered articles/index.html.erb within layouts/application (2.5ms)
Completed 200 OK in 79ms (Views: 68.4ms | ActiveRecord: 0.5ms)


Started GET "/articles/new" for 127.0.0.1 at 2017-02-08 17:03:55 -0200
Processing by ArticlesController#new as HTML
  Rendering articles/new.html.erb within layouts/application
  Rendered articles/new.html.erb within layouts/application (1.5ms)
Completed 200 OK in 77ms (Views: 66.2ms | ActiveRecord: 0.0ms)


Started GET "/articles" for 127.0.0.1 at 2017-02-08 17:04:57 -0200
Processing by ArticlesController#index as HTML
  Rendering articles/index.html.erb within layouts/application
  [1m[36mArticle Load (0.0ms)[0m  [1m[34mSELECT "articles".* FROM "articles"[0m
  Rendered articles/index.html.erb within layouts/application (6.0ms)
Completed 200 OK in 81ms (Views: 67.3ms | ActiveRecord: 1.0ms)


Started GET "/articles/new" for 127.0.0.1 at 2017-02-08 17:04:57 -0200
Processing by ArticlesController#new as HTML
  Rendering articles/new.html.erb within layouts/application
  Rendered articles/new.html.erb within layouts/application (2.0ms)
Completed 200 OK in 85ms (Views: 72.5ms | ActiveRecord: 0.0ms)


Started GET "/articles" for 127.0.0.1 at 2017-02-08 17:04:59 -0200
Processing by ArticlesController#index as HTML
  Rendering articles/index.html.erb within layouts/application
  [1m[36mArticle Load (0.5ms)[0m  [1m[34mSELECT "articles".* FROM "articles"[0m
  Rendered articles/index.html.erb within layouts/application (2.5ms)
Completed 200 OK in 78ms (Views: 66.1ms | ActiveRecord: 0.5ms)


Started GET "/articles/2" for 127.0.0.1 at 2017-02-08 17:05:00 -0200
Processing by ArticlesController#show as HTML
  Parameters: {"id"=>"2"}
  [1m[36mArticle Load (0.0ms)[0m  [1m[34mSELECT  "articles".* FROM "articles" WHERE "articles"."id" = ? LIMIT ?[0m  [["id", 2], ["LIMIT", 1]]
  Rendering articles/show.html.erb within layouts/application
  Rendered articles/show.html.erb within layouts/application (0.5ms)
Completed 200 OK in 79ms (Views: 63.4ms | ActiveRecord: 0.0ms)


Started GET "/articles" for 127.0.0.1 at 2017-02-08 17:05:01 -0200
Processing by ArticlesController#index as HTML
  Rendering articles/index.html.erb within layouts/application
  [1m[36mArticle Load (0.0ms)[0m  [1m[34mSELECT "articles".* FROM "articles"[0m
  Rendered articles/index.html.erb within layouts/application (0.0ms)
Completed 200 OK in 82ms (Views: 70.9ms | ActiveRecord: 0.0ms)


Started GET "/articles/new" for 127.0.0.1 at 2017-02-08 17:05:01 -0200
Processing by ArticlesController#new as HTML
  Rendering articles/new.html.erb within layouts/application
  Rendered articles/new.html.erb within layouts/application (1.5ms)
Completed 200 OK in 82ms (Views: 70.4ms | ActiveRecord: 0.0ms)


Started POST "/articles" for 127.0.0.1 at 2017-02-08 17:05:10 -0200
Processing by ArticlesController#create as HTML
  Parameters: {"utf8"=>"✓", "authenticity_token"=>"xBj3bLDpxMWD2Osgkn8hVh1R8Dh/zExppiEEchc7mmtIK1R7sB7z39hCTEXyzQ50tYoO8aAqfD1mW8LJmmNumA==", "article"=>{"title"=>"Santana", "text"=>"Felipe Santana"}, "commit"=>"Save Article"}
  [1m[35m (0.0ms)[0m  [1m[36mbegin transaction[0m
  [1m[35mSQL (0.5ms)[0m  [1m[32mINSERT INTO "articles" ("title", "text", "created_at", "updated_at") VALUES (?, ?, ?, ?)[0m  [["title", "Santana"], ["text", "Felipe Santana"], ["created_at", 2017-02-08 19:05:10 UTC], ["updated_at", 2017-02-08 19:05:10 UTC]]
  [1m[35m (10.5ms)[0m  [1m[36mcommit transaction[0m
Redirected to http://localhost:3000/articles/5
Completed 302 Found in 25ms (ActiveRecord: 11.0ms)


Started GET "/articles/5" for 127.0.0.1 at 2017-02-08 17:05:10 -0200
Processing by ArticlesController#show as HTML
  Parameters: {"id"=>"5"}
  [1m[36mArticle Load (0.5ms)[0m  [1m[34mSELECT  "articles".* FROM "articles" WHERE "articles"."id" = ? LIMIT ?[0m  [["id", 5], ["LIMIT", 1]]
  Rendering articles/show.html.erb within layouts/application
  Rendered articles/show.html.erb within layouts/application (0.5ms)
Completed 200 OK in 89ms (Views: 73.6ms | ActiveRecord: 0.5ms)


Started GET "/articles" for 127.0.0.1 at 2017-02-08 17:05:12 -0200
Processing by ArticlesController#index as HTML
  Rendering articles/index.html.erb within layouts/application
  [1m[36mArticle Load (0.0ms)[0m  [1m[34mSELECT "articles".* FROM "articles"[0m
  Rendered articles/index.html.erb within layouts/application (3.0ms)
Completed 200 OK in 79ms (Views: 68.3ms | ActiveRecord: 0.0ms)


Started GET "/articles/new" for 127.0.0.1 at 2017-02-08 17:05:13 -0200
Processing by ArticlesController#new as HTML
  Rendering articles/new.html.erb within layouts/application
  Rendered articles/new.html.erb within layouts/application (1.5ms)
Completed 200 OK in 79ms (Views: 67.9ms | ActiveRecord: 0.0ms)


Started POST "/articles" for 127.0.0.1 at 2017-02-08 17:05:15 -0200
Processing by ArticlesController#create as HTML
  Parameters: {"utf8"=>"✓", "authenticity_token"=>"hN4I3LretmG+G1M46+GcCw8I+9+iTJxip914kNnnuSMI7avLuimBe+WB9F2LU7Mpp9MFFn2qrDZnp74rVL9N0A==", "article"=>{"title"=>"ad", "text"=>""}, "commit"=>"Save Article"}
  [1m[35m (0.0ms)[0m  [1m[36mbegin transaction[0m
  [1m[35m (0.0ms)[0m  [1m[31mrollback transaction[0m
  Rendering articles/new.html.erb within layouts/application
  Rendered articles/new.html.erb within layouts/application (2.0ms)
Completed 200 OK in 75ms (Views: 67.5ms | ActiveRecord: 0.0ms)


Started GET "/articles" for 127.0.0.1 at 2017-02-08 17:06:05 -0200
Processing by ArticlesController#index as HTML
  Rendering articles/index.html.erb within layouts/application
  [1m[36mArticle Load (0.5ms)[0m  [1m[34mSELECT "articles".* FROM "articles"[0m
  Rendered articles/index.html.erb within layouts/application (3.0ms)
Completed 200 OK in 85ms (Views: 73.9ms | ActiveRecord: 0.5ms)


Started GET "/articles/1" for 127.0.0.1 at 2017-02-08 17:12:08 -0200
Processing by ArticlesController#show as HTML
  Parameters: {"id"=>"1"}
  [1m[36mArticle Load (0.0ms)[0m  [1m[34mSELECT  "articles".* FROM "articles" WHERE "articles"."id" = ? LIMIT ?[0m  [["id", 1], ["LIMIT", 1]]
  Rendering articles/show.html.erb within layouts/application
  Rendered articles/show.html.erb within layouts/application (0.9ms)
Completed 200 OK in 101ms (Views: 81.1ms | ActiveRecord: 0.5ms)


Started GET "/articles" for 127.0.0.1 at 2017-02-08 17:12:09 -0200
Processing by ArticlesController#index as HTML
  Rendering articles/index.html.erb within layouts/application
  [1m[36mArticle Load (0.5ms)[0m  [1m[34mSELECT "articles".* FROM "articles"[0m
  Rendered articles/index.html.erb within layouts/application (2.5ms)
Completed 200 OK in 79ms (Views: 66.3ms | ActiveRecord: 0.5ms)


Started GET "/articles/1" for 127.0.0.1 at 2017-02-08 17:12:59 -0200
Processing by ArticlesController#show as HTML
  Parameters: {"id"=>"1"}
  [1m[36mArticle Load (0.0ms)[0m  [1m[34mSELECT  "articles".* FROM "articles" WHERE "articles"."id" = ? LIMIT ?[0m  [["id", 1], ["LIMIT", 1]]
  Rendering articles/show.html.erb within layouts/application
  Rendered articles/show.html.erb within layouts/application (0.5ms)
Completed 200 OK in 74ms (Views: 61.7ms | ActiveRecord: 0.0ms)


Started GET "/articles" for 127.0.0.1 at 2017-02-08 17:13:00 -0200
Processing by ArticlesController#index as HTML
  Rendering articles/index.html.erb within layouts/application
  [1m[36mArticle Load (0.0ms)[0m  [1m[34mSELECT "articles".* FROM "articles"[0m
  Rendered articles/index.html.erb within layouts/application (2.0ms)
Completed 200 OK in 83ms (Views: 72.0ms | ActiveRecord: 0.0ms)


Started GET "/articles/4" for 127.0.0.1 at 2017-02-08 17:13:02 -0200
Processing by ArticlesController#show as HTML
  Parameters: {"id"=>"4"}
  [1m[36mArticle Load (0.0ms)[0m  [1m[34mSELECT  "articles".* FROM "articles" WHERE "articles"."id" = ? LIMIT ?[0m  [["id", 4], ["LIMIT", 1]]
  Rendering articles/show.html.erb within layouts/application
  Rendered articles/show.html.erb within layouts/application (1.0ms)
Completed 200 OK in 75ms (Views: 64.0ms | ActiveRecord: 0.0ms)


Started GET "/articles/4/edit" for 127.0.0.1 at 2017-02-08 17:13:03 -0200
Processing by ArticlesController#edit as HTML
  Parameters: {"id"=>"4"}
  [1m[36mArticle Load (0.0ms)[0m  [1m[34mSELECT  "articles".* FROM "articles" WHERE "articles"."id" = ? LIMIT ?[0m  [["id", 4], ["LIMIT", 1]]
  Rendering articles/edit.html.erb within layouts/application
  Rendered articles/edit.html.erb within layouts/application (2.0ms)
Completed 200 OK in 77ms (Views: 63.7ms | ActiveRecord: 0.0ms)


Started GET "/articles" for 127.0.0.1 at 2017-02-08 17:13:05 -0200
Processing by ArticlesController#index as HTML
  Rendering articles/index.html.erb within layouts/application
  [1m[36mArticle Load (0.5ms)[0m  [1m[34mSELECT "articles".* FROM "articles"[0m
  Rendered articles/index.html.erb within layouts/application (2.5ms)
Completed 200 OK in 76ms (Views: 65.4ms | ActiveRecord: 0.5ms)


